[16-Jul-2024 18:54:48 UTC] PHP Warning:  rename(C:\Windows\TEMP/elementor.3.23.1-sf2T4m.tmp,C:\Windows\TEMP/elementor.3.23.1.zip): Acesso negado (code: 5) in C:\Users\miqueias\Local Sites\desapego-ruralino\app\public\wp-admin\includes\file.php on line 1234
[16-Jul-2024 18:54:48 UTC] PHP Warning:  unlink(C:\Windows\TEMP/elementor.3.23.1.zip): Resource temporarily unavailable in C:\Users\miqueias\Local Sites\desapego-ruralino\app\public\wp-admin\includes\file.php on line 1239
[16-Jul-2024 18:54:58 UTC] PHP Warning:  copy(C:/Users/miqueias/Local Sites/desapego-ruralino/app/public/wp-content/upgrade/elementor.3.23.1/elementor/assets/js/packages/editor-app-bar-ui/editor-app-bar-ui.js): Failed to open stream: No such file or directory in C:\Users\miqueias\Local Sites\desapego-ruralino\app\public\wp-admin\includes\class-wp-filesystem-direct.php on line 309
[16-Jul-2024 18:54:58 UTC] PHP Warning:  chmod(): No such file or directory in C:\Users\miqueias\Local Sites\desapego-ruralino\app\public\wp-admin\includes\class-wp-filesystem-direct.php on line 173
[16-Jul-2024 18:54:58 UTC] PHP Warning:  chmod(): No such file or directory in C:\Users\miqueias\Local Sites\desapego-ruralino\app\public\wp-admin\includes\class-wp-filesystem-direct.php on line 173
[16-Jul-2024 18:54:58 UTC] PHP Warning:  copy(C:/Users/miqueias/Local Sites/desapego-ruralino/app/public/wp-content/upgrade/elementor.3.23.1/elementor/assets/js/packages/editor-app-bar-ui/editor-app-bar-ui.js): Failed to open stream: No such file or directory in C:\Users\miqueias\Local Sites\desapego-ruralino\app\public\wp-admin\includes\class-wp-filesystem-direct.php on line 309
[16-Jul-2024 18:54:58 UTC] PHP Warning:  chmod(): No such file or directory in C:\Users\miqueias\Local Sites\desapego-ruralino\app\public\wp-admin\includes\class-wp-filesystem-direct.php on line 173
[16-Jul-2024 18:54:59 UTC] PHP Warning:  dir(C:/Users/miqueias/Local Sites/desapego-ruralino/app/public/wp-content/upgrade/elementor.3.23.1/elementor/assets/lib/nouislider/): O sistema não pode encontrar o caminho especifica (code: 3) in C:\Users\miqueias\Local Sites\desapego-ruralino\app\public\wp-admin\includes\class-wp-filesystem-direct.php on line 636
[16-Jul-2024 18:54:59 UTC] PHP Warning:  dir(C:/Users/miqueias/Local Sites/desapego-ruralino/app/public/wp-content/upgrade/elementor.3.23.1/elementor/assets/lib/nouislider/): Failed to open directory: No such file or directory in C:\Users\miqueias\Local Sites\desapego-ruralino\app\public\wp-admin\includes\class-wp-filesystem-direct.php on line 636
[16-Jul-2024 18:54:59 UTC] PHP Warning:  dir(C:/Users/miqueias/Local Sites/desapego-ruralino/app/public/wp-content/upgrade/elementor.3.23.1/elementor/modules/floating-buttons/classes/render/): O sistema não pode encontrar o caminho especifica (code: 3) in C:\Users\miqueias\Local Sites\desapego-ruralino\app\public\wp-admin\includes\class-wp-filesystem-direct.php on line 636
[16-Jul-2024 18:54:59 UTC] PHP Warning:  dir(C:/Users/miqueias/Local Sites/desapego-ruralino/app/public/wp-content/upgrade/elementor.3.23.1/elementor/modules/floating-buttons/classes/render/): Failed to open directory: No such file or directory in C:\Users\miqueias\Local Sites\desapego-ruralino\app\public\wp-admin\includes\class-wp-filesystem-direct.php on line 636
[16-Jul-2024 18:54:59 UTC] PHP Warning:  dir(C:/Users/miqueias/Local Sites/desapego-ruralino/app/public/wp-content/upgrade/elementor.3.23.1/elementor/modules/history/views/): O sistema não pode encontrar o caminho especifica (code: 3) in C:\Users\miqueias\Local Sites\desapego-ruralino\app\public\wp-admin\includes\class-wp-filesystem-direct.php on line 636
[16-Jul-2024 18:54:59 UTC] PHP Warning:  dir(C:/Users/miqueias/Local Sites/desapego-ruralino/app/public/wp-content/upgrade/elementor.3.23.1/elementor/modules/history/views/): Failed to open directory: No such file or directory in C:\Users\miqueias\Local Sites\desapego-ruralino\app\public\wp-admin\includes\class-wp-filesystem-direct.php on line 636
[16-Jul-2024 18:55:00 UTC] PHP Warning:  dir(C:/Users/miqueias/Local Sites/desapego-ruralino/app/public/wp-content/upgrade/elementor.3.23.1/elementor/modules/nested-accordion/widgets/): O sistema não pode encontrar o caminho especifica (code: 3) in C:\Users\miqueias\Local Sites\desapego-ruralino\app\public\wp-admin\includes\class-wp-filesystem-direct.php on line 636
[16-Jul-2024 18:55:00 UTC] PHP Warning:  dir(C:/Users/miqueias/Local Sites/desapego-ruralino/app/public/wp-content/upgrade/elementor.3.23.1/elementor/modules/nested-accordion/widgets/): Failed to open directory: No such file or directory in C:\Users\miqueias\Local Sites\desapego-ruralino\app\public\wp-admin\includes\class-wp-filesystem-direct.php on line 636
[16-Jul-2024 18:55:00 UTC] PHP Warning:  dir(C:/Users/miqueias/Local Sites/desapego-ruralino/app/public/wp-content/upgrade/elementor.3.23.1/elementor/modules/site-navigation/rest-fields/): O sistema não pode encontrar o caminho especifica (code: 3) in C:\Users\miqueias\Local Sites\desapego-ruralino\app\public\wp-admin\includes\class-wp-filesystem-direct.php on line 636
[16-Jul-2024 18:55:00 UTC] PHP Warning:  dir(C:/Users/miqueias/Local Sites/desapego-ruralino/app/public/wp-content/upgrade/elementor.3.23.1/elementor/modules/site-navigation/rest-fields/): Failed to open directory: No such file or directory in C:\Users\miqueias\Local Sites\desapego-ruralino\app\public\wp-admin\includes\class-wp-filesystem-direct.php on line 636
[18-Jul-2024 01:49:40 UTC] TFA: Beginning attempt to port private key encryption over to openssl
[18-Jul-2024 02:11:40 UTC] PHP Warning:  Attempt to read property "is_block_editor" on null in C:\Users\miqueias\Local Sites\desapego-ruralino\app\public\wp-content\plugins\elementor\modules\ai\module.php on line 186
[18-Jul-2024 03:21:38 UTC] PHP Fatal error:  Uncaught Error: Undefined constant "characterCountApi" in C:\Users\miqueias\Local Sites\desapego-ruralino\app\public\wp-content\plugins\character-count-api\character-count-api.php:32
Stack trace:
#0 C:\Users\miqueias\Local Sites\desapego-ruralino\app\public\wp-includes\class-wp-hook.php(324): handle_character_count_ajax('')
#1 C:\Users\miqueias\Local Sites\desapego-ruralino\app\public\wp-includes\class-wp-hook.php(348): WP_Hook->apply_filters('', Array)
#2 C:\Users\miqueias\Local Sites\desapego-ruralino\app\public\wp-includes\plugin.php(517): WP_Hook->do_action(Array)
#3 C:\Users\miqueias\Local Sites\desapego-ruralino\app\public\wp-admin\admin-ajax.php(192): do_action('wp_ajax_charact...')
#4 {main}
  thrown in C:\Users\miqueias\Local Sites\desapego-ruralino\app\public\wp-content\plugins\character-count-api\character-count-api.php on line 32
[18-Jul-2024 03:27:39 UTC] PHP Fatal error:  Uncaught Error: Undefined constant "characterCountApi" in C:\Users\miqueias\Local Sites\desapego-ruralino\app\public\wp-content\plugins\character-count-api\character-count-api.php:32
Stack trace:
#0 C:\Users\miqueias\Local Sites\desapego-ruralino\app\public\wp-includes\class-wp-hook.php(324): handle_character_count_ajax('')
#1 C:\Users\miqueias\Local Sites\desapego-ruralino\app\public\wp-includes\class-wp-hook.php(348): WP_Hook->apply_filters('', Array)
#2 C:\Users\miqueias\Local Sites\desapego-ruralino\app\public\wp-includes\plugin.php(517): WP_Hook->do_action(Array)
#3 C:\Users\miqueias\Local Sites\desapego-ruralino\app\public\wp-admin\admin-ajax.php(192): do_action('wp_ajax_charact...')
#4 {main}
  thrown in C:\Users\miqueias\Local Sites\desapego-ruralino\app\public\wp-content\plugins\character-count-api\character-count-api.php on line 32
[18-Jul-2024 03:27:42 UTC] PHP Fatal error:  Uncaught Error: Undefined constant "characterCountApi" in C:\Users\miqueias\Local Sites\desapego-ruralino\app\public\wp-content\plugins\character-count-api\character-count-api.php:32
Stack trace:
#0 C:\Users\miqueias\Local Sites\desapego-ruralino\app\public\wp-includes\class-wp-hook.php(324): handle_character_count_ajax('')
#1 C:\Users\miqueias\Local Sites\desapego-ruralino\app\public\wp-includes\class-wp-hook.php(348): WP_Hook->apply_filters('', Array)
#2 C:\Users\miqueias\Local Sites\desapego-ruralino\app\public\wp-includes\plugin.php(517): WP_Hook->do_action(Array)
#3 C:\Users\miqueias\Local Sites\desapego-ruralino\app\public\wp-admin\admin-ajax.php(192): do_action('wp_ajax_charact...')
#4 {main}
  thrown in C:\Users\miqueias\Local Sites\desapego-ruralino\app\public\wp-content\plugins\character-count-api\character-count-api.php on line 32
[18-Jul-2024 03:27:53 UTC] PHP Fatal error:  Uncaught Error: Undefined constant "characterCountApi" in C:\Users\miqueias\Local Sites\desapego-ruralino\app\public\wp-content\plugins\character-count-api\character-count-api.php:32
Stack trace:
#0 C:\Users\miqueias\Local Sites\desapego-ruralino\app\public\wp-includes\class-wp-hook.php(324): handle_character_count_ajax('')
#1 C:\Users\miqueias\Local Sites\desapego-ruralino\app\public\wp-includes\class-wp-hook.php(348): WP_Hook->apply_filters('', Array)
#2 C:\Users\miqueias\Local Sites\desapego-ruralino\app\public\wp-includes\plugin.php(517): WP_Hook->do_action(Array)
#3 C:\Users\miqueias\Local Sites\desapego-ruralino\app\public\wp-admin\admin-ajax.php(192): do_action('wp_ajax_charact...')
#4 {main}
  thrown in C:\Users\miqueias\Local Sites\desapego-ruralino\app\public\wp-content\plugins\character-count-api\character-count-api.php on line 32
[18-Jul-2024 03:30:00 UTC] PHP Fatal error:  Uncaught Error: Undefined constant "characterCountApi" in C:\Users\miqueias\Local Sites\desapego-ruralino\app\public\wp-content\plugins\character-count-api\character-count-api.php:32
Stack trace:
#0 C:\Users\miqueias\Local Sites\desapego-ruralino\app\public\wp-includes\class-wp-hook.php(324): handle_character_count_ajax('')
#1 C:\Users\miqueias\Local Sites\desapego-ruralino\app\public\wp-includes\class-wp-hook.php(348): WP_Hook->apply_filters('', Array)
#2 C:\Users\miqueias\Local Sites\desapego-ruralino\app\public\wp-includes\plugin.php(517): WP_Hook->do_action(Array)
#3 C:\Users\miqueias\Local Sites\desapego-ruralino\app\public\wp-admin\admin-ajax.php(192): do_action('wp_ajax_charact...')
#4 {main}
  thrown in C:\Users\miqueias\Local Sites\desapego-ruralino\app\public\wp-content\plugins\character-count-api\character-count-api.php on line 32
[18-Jul-2024 03:33:45 UTC] PHP Fatal error:  Uncaught Error: Undefined constant "characterCountApi" in C:\Users\miqueias\Local Sites\desapego-ruralino\app\public\wp-content\plugins\character-count-api\character-count-api.php:32
Stack trace:
#0 C:\Users\miqueias\Local Sites\desapego-ruralino\app\public\wp-includes\class-wp-hook.php(324): handle_character_count_ajax('')
#1 C:\Users\miqueias\Local Sites\desapego-ruralino\app\public\wp-includes\class-wp-hook.php(348): WP_Hook->apply_filters('', Array)
#2 C:\Users\miqueias\Local Sites\desapego-ruralino\app\public\wp-includes\plugin.php(517): WP_Hook->do_action(Array)
#3 C:\Users\miqueias\Local Sites\desapego-ruralino\app\public\wp-admin\admin-ajax.php(192): do_action('wp_ajax_charact...')
#4 {main}
  thrown in C:\Users\miqueias\Local Sites\desapego-ruralino\app\public\wp-content\plugins\character-count-api\character-count-api.php on line 32
[18-Jul-2024 03:37:20 UTC] PHP Fatal error:  Uncaught Error: Undefined constant "characterCountApi" in C:\Users\miqueias\Local Sites\desapego-ruralino\app\public\wp-content\plugins\character-count-api\character-count-api.php:32
Stack trace:
#0 C:\Users\miqueias\Local Sites\desapego-ruralino\app\public\wp-includes\class-wp-hook.php(324): handle_character_count_ajax('')
#1 C:\Users\miqueias\Local Sites\desapego-ruralino\app\public\wp-includes\class-wp-hook.php(348): WP_Hook->apply_filters('', Array)
#2 C:\Users\miqueias\Local Sites\desapego-ruralino\app\public\wp-includes\plugin.php(517): WP_Hook->do_action(Array)
#3 C:\Users\miqueias\Local Sites\desapego-ruralino\app\public\wp-admin\admin-ajax.php(192): do_action('wp_ajax_charact...')
#4 {main}
  thrown in C:\Users\miqueias\Local Sites\desapego-ruralino\app\public\wp-content\plugins\character-count-api\character-count-api.php on line 32
[18-Jul-2024 03:40:00 UTC] PHP Fatal error:  Uncaught Error: Undefined constant "characterCountApi" in C:\Users\miqueias\Local Sites\desapego-ruralino\app\public\wp-content\plugins\character-count-api\character-count-api.php:32
Stack trace:
#0 C:\Users\miqueias\Local Sites\desapego-ruralino\app\public\wp-includes\class-wp-hook.php(324): handle_character_count_ajax('')
#1 C:\Users\miqueias\Local Sites\desapego-ruralino\app\public\wp-includes\class-wp-hook.php(348): WP_Hook->apply_filters('', Array)
#2 C:\Users\miqueias\Local Sites\desapego-ruralino\app\public\wp-includes\plugin.php(517): WP_Hook->do_action(Array)
#3 C:\Users\miqueias\Local Sites\desapego-ruralino\app\public\wp-admin\admin-ajax.php(192): do_action('wp_ajax_charact...')
#4 {main}
  thrown in C:\Users\miqueias\Local Sites\desapego-ruralino\app\public\wp-content\plugins\character-count-api\character-count-api.php on line 32
[18-Jul-2024 03:45:44 UTC] PHP Fatal error:  Uncaught Error: Undefined constant "characterCountApi" in C:\Users\miqueias\Local Sites\desapego-ruralino\app\public\wp-content\plugins\character-count-api\character-count-api.php:35
Stack trace:
#0 C:\Users\miqueias\Local Sites\desapego-ruralino\app\public\wp-includes\class-wp-hook.php(324): handle_character_count_ajax('')
#1 C:\Users\miqueias\Local Sites\desapego-ruralino\app\public\wp-includes\class-wp-hook.php(348): WP_Hook->apply_filters('', Array)
#2 C:\Users\miqueias\Local Sites\desapego-ruralino\app\public\wp-includes\plugin.php(517): WP_Hook->do_action(Array)
#3 C:\Users\miqueias\Local Sites\desapego-ruralino\app\public\wp-admin\admin-ajax.php(192): do_action('wp_ajax_charact...')
#4 {main}
  thrown in C:\Users\miqueias\Local Sites\desapego-ruralino\app\public\wp-content\plugins\character-count-api\character-count-api.php on line 35
[18-Jul-2024 03:46:30 UTC] PHP Fatal error:  Uncaught Error: Undefined constant "characterCountApi" in C:\Users\miqueias\Local Sites\desapego-ruralino\app\public\wp-content\plugins\character-count-api\character-count-api.php:35
Stack trace:
#0 C:\Users\miqueias\Local Sites\desapego-ruralino\app\public\wp-includes\class-wp-hook.php(324): handle_character_count_ajax('')
#1 C:\Users\miqueias\Local Sites\desapego-ruralino\app\public\wp-includes\class-wp-hook.php(348): WP_Hook->apply_filters('', Array)
#2 C:\Users\miqueias\Local Sites\desapego-ruralino\app\public\wp-includes\plugin.php(517): WP_Hook->do_action(Array)
#3 C:\Users\miqueias\Local Sites\desapego-ruralino\app\public\wp-admin\admin-ajax.php(192): do_action('wp_ajax_charact...')
#4 {main}
  thrown in C:\Users\miqueias\Local Sites\desapego-ruralino\app\public\wp-content\plugins\character-count-api\character-count-api.php on line 35
[18-Jul-2024 03:50:42 UTC] PHP Fatal error:  Uncaught Error: Undefined constant "characterCountApi" in C:\Users\miqueias\Local Sites\desapego-ruralino\app\public\wp-content\plugins\character-count-api\character-count-api.php:35
Stack trace:
#0 C:\Users\miqueias\Local Sites\desapego-ruralino\app\public\wp-includes\class-wp-hook.php(324): handle_character_count_ajax('')
#1 C:\Users\miqueias\Local Sites\desapego-ruralino\app\public\wp-includes\class-wp-hook.php(348): WP_Hook->apply_filters('', Array)
#2 C:\Users\miqueias\Local Sites\desapego-ruralino\app\public\wp-includes\plugin.php(517): WP_Hook->do_action(Array)
#3 C:\Users\miqueias\Local Sites\desapego-ruralino\app\public\wp-admin\admin-ajax.php(192): do_action('wp_ajax_charact...')
#4 {main}
  thrown in C:\Users\miqueias\Local Sites\desapego-ruralino\app\public\wp-content\plugins\character-count-api\character-count-api.php on line 35
[18-Jul-2024 03:53:12 UTC] PHP Fatal error:  Uncaught Error: Undefined constant "characterCountApi" in C:\Users\miqueias\Local Sites\desapego-ruralino\app\public\wp-content\plugins\character-count-api\character-count-api.php:35
Stack trace:
#0 C:\Users\miqueias\Local Sites\desapego-ruralino\app\public\wp-includes\class-wp-hook.php(324): handle_character_count_ajax('')
#1 C:\Users\miqueias\Local Sites\desapego-ruralino\app\public\wp-includes\class-wp-hook.php(348): WP_Hook->apply_filters('', Array)
#2 C:\Users\miqueias\Local Sites\desapego-ruralino\app\public\wp-includes\plugin.php(517): WP_Hook->do_action(Array)
#3 C:\Users\miqueias\Local Sites\desapego-ruralino\app\public\wp-admin\admin-ajax.php(192): do_action('wp_ajax_charact...')
#4 {main}
  thrown in C:\Users\miqueias\Local Sites\desapego-ruralino\app\public\wp-content\plugins\character-count-api\character-count-api.php on line 35
[18-Jul-2024 03:56:52 UTC] PHP Fatal error:  Uncaught Error: Undefined constant "characterCountApi" in C:\Users\miqueias\Local Sites\desapego-ruralino\app\public\wp-content\plugins\character-count-api\character-count-api.php:35
Stack trace:
#0 C:\Users\miqueias\Local Sites\desapego-ruralino\app\public\wp-includes\class-wp-hook.php(324): handle_character_count_ajax('')
#1 C:\Users\miqueias\Local Sites\desapego-ruralino\app\public\wp-includes\class-wp-hook.php(348): WP_Hook->apply_filters('', Array)
#2 C:\Users\miqueias\Local Sites\desapego-ruralino\app\public\wp-includes\plugin.php(517): WP_Hook->do_action(Array)
#3 C:\Users\miqueias\Local Sites\desapego-ruralino\app\public\wp-admin\admin-ajax.php(192): do_action('wp_ajax_charact...')
#4 {main}
  thrown in C:\Users\miqueias\Local Sites\desapego-ruralino\app\public\wp-content\plugins\character-count-api\character-count-api.php on line 35
[18-Jul-2024 04:10:13 UTC] PHP Fatal error:  Uncaught Error: Undefined constant "characterCountApi" in C:\Users\miqueias\Local Sites\desapego-ruralino\app\public\wp-content\plugins\character-count-api\character-count-api.php:35
Stack trace:
#0 C:\Users\miqueias\Local Sites\desapego-ruralino\app\public\wp-includes\class-wp-hook.php(324): handle_character_count_ajax('')
#1 C:\Users\miqueias\Local Sites\desapego-ruralino\app\public\wp-includes\class-wp-hook.php(348): WP_Hook->apply_filters('', Array)
#2 C:\Users\miqueias\Local Sites\desapego-ruralino\app\public\wp-includes\plugin.php(517): WP_Hook->do_action(Array)
#3 C:\Users\miqueias\Local Sites\desapego-ruralino\app\public\wp-admin\admin-ajax.php(192): do_action('wp_ajax_charact...')
#4 {main}
  thrown in C:\Users\miqueias\Local Sites\desapego-ruralino\app\public\wp-content\plugins\character-count-api\character-count-api.php on line 35
[18-Jul-2024 04:10:21 UTC] PHP Fatal error:  Uncaught Error: Undefined constant "characterCountApi" in C:\Users\miqueias\Local Sites\desapego-ruralino\app\public\wp-content\plugins\character-count-api\character-count-api.php:35
Stack trace:
#0 C:\Users\miqueias\Local Sites\desapego-ruralino\app\public\wp-includes\class-wp-hook.php(324): handle_character_count_ajax('')
#1 C:\Users\miqueias\Local Sites\desapego-ruralino\app\public\wp-includes\class-wp-hook.php(348): WP_Hook->apply_filters('', Array)
#2 C:\Users\miqueias\Local Sites\desapego-ruralino\app\public\wp-includes\plugin.php(517): WP_Hook->do_action(Array)
#3 C:\Users\miqueias\Local Sites\desapego-ruralino\app\public\wp-admin\admin-ajax.php(192): do_action('wp_ajax_charact...')
#4 {main}
  thrown in C:\Users\miqueias\Local Sites\desapego-ruralino\app\public\wp-content\plugins\character-count-api\character-count-api.php on line 35
[18-Jul-2024 04:10:30 UTC] PHP Fatal error:  Uncaught Error: Undefined constant "characterCountApi" in C:\Users\miqueias\Local Sites\desapego-ruralino\app\public\wp-content\plugins\character-count-api\character-count-api.php:35
Stack trace:
#0 C:\Users\miqueias\Local Sites\desapego-ruralino\app\public\wp-includes\class-wp-hook.php(324): handle_character_count_ajax('')
#1 C:\Users\miqueias\Local Sites\desapego-ruralino\app\public\wp-includes\class-wp-hook.php(348): WP_Hook->apply_filters('', Array)
#2 C:\Users\miqueias\Local Sites\desapego-ruralino\app\public\wp-includes\plugin.php(517): WP_Hook->do_action(Array)
#3 C:\Users\miqueias\Local Sites\desapego-ruralino\app\public\wp-admin\admin-ajax.php(192): do_action('wp_ajax_charact...')
#4 {main}
  thrown in C:\Users\miqueias\Local Sites\desapego-ruralino\app\public\wp-content\plugins\character-count-api\character-count-api.php on line 35
[18-Jul-2024 04:24:28 UTC] PHP Fatal error:  Uncaught Error: Undefined constant "characterCountApi" in C:\Users\miqueias\Local Sites\desapego-ruralino\app\public\wp-content\plugins\character-count-api\character-count-api.php:35
Stack trace:
#0 C:\Users\miqueias\Local Sites\desapego-ruralino\app\public\wp-includes\class-wp-hook.php(324): handle_character_count_ajax('')
#1 C:\Users\miqueias\Local Sites\desapego-ruralino\app\public\wp-includes\class-wp-hook.php(348): WP_Hook->apply_filters('', Array)
#2 C:\Users\miqueias\Local Sites\desapego-ruralino\app\public\wp-includes\plugin.php(517): WP_Hook->do_action(Array)
#3 C:\Users\miqueias\Local Sites\desapego-ruralino\app\public\wp-admin\admin-ajax.php(192): do_action('wp_ajax_charact...')
#4 {main}
  thrown in C:\Users\miqueias\Local Sites\desapego-ruralino\app\public\wp-content\plugins\character-count-api\character-count-api.php on line 35
[18-Jul-2024 04:27:07 UTC] PHP Warning:  require_once(C:\Users\miqueias\Local Sites\desapego-ruralino\app\public): Failed to open stream: Permission denied in C:\Users\miqueias\Local Sites\desapego-ruralino\app\public\wp-content\plugins\character-count-api\character-count-api.php on line 8
[18-Jul-2024 04:27:07 UTC] PHP Fatal error:  Uncaught Error: Failed opening required 'C:\Users\miqueias\Local Sites\desapego-ruralino\app\public' (include_path='.:/usr/share/php:/www/wp-content/pear') in C:\Users\miqueias\Local Sites\desapego-ruralino\app\public\wp-content\plugins\character-count-api\character-count-api.php:8
Stack trace:
#0 C:\Users\miqueias\Local Sites\desapego-ruralino\app\public\wp-settings.php(522): include_once()
#1 C:\Users\miqueias\Local Sites\desapego-ruralino\app\public\wp-config.php(104): require_once('C:\\Users\\miquei...')
#2 C:\Users\miqueias\Local Sites\desapego-ruralino\app\public\wp-load.php(50): require_once('C:\\Users\\miquei...')
#3 C:\Users\miqueias\Local Sites\desapego-ruralino\app\public\wp-admin\admin-ajax.php(22): require_once('C:\\Users\\miquei...')
#4 {main}
  thrown in C:\Users\miqueias\Local Sites\desapego-ruralino\app\public\wp-content\plugins\character-count-api\character-count-api.php on line 8
[18-Jul-2024 04:28:07 UTC] PHP Warning:  require_once(C:\Users\miqueias\Local Sites\desapego-ruralino\app\public): Failed to open stream: Permission denied in C:\Users\miqueias\Local Sites\desapego-ruralino\app\public\wp-content\plugins\character-count-api\character-count-api.php on line 8
[18-Jul-2024 04:28:07 UTC] PHP Fatal error:  Uncaught Error: Failed opening required 'C:\Users\miqueias\Local Sites\desapego-ruralino\app\public' (include_path='.:/usr/share/php:/www/wp-content/pear') in C:\Users\miqueias\Local Sites\desapego-ruralino\app\public\wp-content\plugins\character-count-api\character-count-api.php:8
Stack trace:
#0 C:\Users\miqueias\Local Sites\desapego-ruralino\app\public\wp-settings.php(522): include_once()
#1 C:\Users\miqueias\Local Sites\desapego-ruralino\app\public\wp-config.php(104): require_once('C:\\Users\\miquei...')
#2 C:\Users\miqueias\Local Sites\desapego-ruralino\app\public\wp-load.php(50): require_once('C:\\Users\\miquei...')
#3 C:\Users\miqueias\Local Sites\desapego-ruralino\app\public\wp-admin\admin-ajax.php(22): require_once('C:\\Users\\miquei...')
#4 {main}
  thrown in C:\Users\miqueias\Local Sites\desapego-ruralino\app\public\wp-content\plugins\character-count-api\character-count-api.php on line 8
[18-Jul-2024 04:29:12 UTC] PHP Warning:  require_once(C:\Users\miqueias\Local Sites\desapego-ruralino\app\public): Failed to open stream: Permission denied in C:\Users\miqueias\Local Sites\desapego-ruralino\app\public\wp-content\plugins\character-count-api\character-count-api.php on line 8
[18-Jul-2024 04:29:12 UTC] PHP Fatal error:  Uncaught Error: Failed opening required 'C:\Users\miqueias\Local Sites\desapego-ruralino\app\public' (include_path='.:/usr/share/php:/www/wp-content/pear') in C:\Users\miqueias\Local Sites\desapego-ruralino\app\public\wp-content\plugins\character-count-api\character-count-api.php:8
Stack trace:
#0 C:\Users\miqueias\Local Sites\desapego-ruralino\app\public\wp-settings.php(522): include_once()
#1 C:\Users\miqueias\Local Sites\desapego-ruralino\app\public\wp-config.php(104): require_once('C:\\Users\\miquei...')
#2 C:\Users\miqueias\Local Sites\desapego-ruralino\app\public\wp-load.php(50): require_once('C:\\Users\\miquei...')
#3 C:\Users\miqueias\Local Sites\desapego-ruralino\app\public\wp-blog-header.php(13): require_once('C:\\Users\\miquei...')
#4 C:\Users\miqueias\Local Sites\desapego-ruralino\app\public\index.php(17): require('C:\\Users\\miquei...')
#5 {main}
  thrown in C:\Users\miqueias\Local Sites\desapego-ruralino\app\public\wp-content\plugins\character-count-api\character-count-api.php on line 8
[18-Jul-2024 04:31:50 UTC] PHP Fatal error:  Uncaught Error: Call to undefined function add_action() in C:\Users\miqueias\Local Sites\desapego-ruralino\app\public\wp-content\plugins\character-count-api\character-count-api.php:17
Stack trace:
#0 {main}
  thrown in C:\Users\miqueias\Local Sites\desapego-ruralino\app\public\wp-content\plugins\character-count-api\character-count-api.php on line 17
[18-Jul-2024 04:34:14 UTC] PHP Fatal error:  Uncaught Error: Call to undefined function add_action() in C:\Users\miqueias\Local Sites\desapego-ruralino\app\public\wp-content\plugins\character-count-api\character-count-api.php:17
Stack trace:
#0 {main}
  thrown in C:\Users\miqueias\Local Sites\desapego-ruralino\app\public\wp-content\plugins\character-count-api\character-count-api.php on line 17
[18-Jul-2024 04:34:17 UTC] PHP Fatal error:  Uncaught Error: Call to undefined function add_action() in C:\Users\miqueias\Local Sites\desapego-ruralino\app\public\wp-content\plugins\character-count-api\character-count-api.php:17
Stack trace:
#0 {main}
  thrown in C:\Users\miqueias\Local Sites\desapego-ruralino\app\public\wp-content\plugins\character-count-api\character-count-api.php on line 17
[18-Jul-2024 04:39:08 UTC] PHP Fatal error:  Uncaught Error: Call to undefined function add_action() in C:\Users\miqueias\Local Sites\desapego-ruralino\app\public\wp-content\plugins\character-count-api\character-count-api.php:17
Stack trace:
#0 {main}
  thrown in C:\Users\miqueias\Local Sites\desapego-ruralino\app\public\wp-content\plugins\character-count-api\character-count-api.php on line 17
[18-Jul-2024 04:39:25 UTC] PHP Fatal error:  Uncaught Error: Undefined constant "characterCountApi" in C:\Users\miqueias\Local Sites\desapego-ruralino\app\public\wp-content\plugins\character-count-api\character-count-api.php:35
Stack trace:
#0 C:\Users\miqueias\Local Sites\desapego-ruralino\app\public\wp-includes\class-wp-hook.php(324): handle_character_count_ajax('')
#1 C:\Users\miqueias\Local Sites\desapego-ruralino\app\public\wp-includes\class-wp-hook.php(348): WP_Hook->apply_filters('', Array)
#2 C:\Users\miqueias\Local Sites\desapego-ruralino\app\public\wp-includes\plugin.php(517): WP_Hook->do_action(Array)
#3 C:\Users\miqueias\Local Sites\desapego-ruralino\app\public\wp-admin\admin-ajax.php(192): do_action('wp_ajax_charact...')
#4 {main}
  thrown in C:\Users\miqueias\Local Sites\desapego-ruralino\app\public\wp-content\plugins\character-count-api\character-count-api.php on line 35
[18-Jul-2024 04:39:34 UTC] PHP Fatal error:  Uncaught Error: Undefined constant "characterCountApi" in C:\Users\miqueias\Local Sites\desapego-ruralino\app\public\wp-content\plugins\character-count-api\character-count-api.php:35
Stack trace:
#0 C:\Users\miqueias\Local Sites\desapego-ruralino\app\public\wp-includes\class-wp-hook.php(324): handle_character_count_ajax('')
#1 C:\Users\miqueias\Local Sites\desapego-ruralino\app\public\wp-includes\class-wp-hook.php(348): WP_Hook->apply_filters('', Array)
#2 C:\Users\miqueias\Local Sites\desapego-ruralino\app\public\wp-includes\plugin.php(517): WP_Hook->do_action(Array)
#3 C:\Users\miqueias\Local Sites\desapego-ruralino\app\public\wp-admin\admin-ajax.php(192): do_action('wp_ajax_charact...')
#4 {main}
  thrown in C:\Users\miqueias\Local Sites\desapego-ruralino\app\public\wp-content\plugins\character-count-api\character-count-api.php on line 35
[18-Jul-2024 04:41:08 UTC] PHP Fatal error:  Uncaught Error: Undefined constant "characterCountApi" in C:\Users\miqueias\Local Sites\desapego-ruralino\app\public\wp-content\plugins\character-count-api\character-count-api.php:35
Stack trace:
#0 C:\Users\miqueias\Local Sites\desapego-ruralino\app\public\wp-includes\class-wp-hook.php(324): handle_character_count_ajax('')
#1 C:\Users\miqueias\Local Sites\desapego-ruralino\app\public\wp-includes\class-wp-hook.php(348): WP_Hook->apply_filters('', Array)
#2 C:\Users\miqueias\Local Sites\desapego-ruralino\app\public\wp-includes\plugin.php(517): WP_Hook->do_action(Array)
#3 C:\Users\miqueias\Local Sites\desapego-ruralino\app\public\wp-admin\admin-ajax.php(192): do_action('wp_ajax_charact...')
#4 {main}
  thrown in C:\Users\miqueias\Local Sites\desapego-ruralino\app\public\wp-content\plugins\character-count-api\character-count-api.php on line 35
[18-Jul-2024 04:42:25 UTC] PHP Fatal error:  Uncaught Error: Undefined constant "characterCountApi" in C:\Users\miqueias\Local Sites\desapego-ruralino\app\public\wp-content\plugins\character-count-api\character-count-api.php:35
Stack trace:
#0 C:\Users\miqueias\Local Sites\desapego-ruralino\app\public\wp-includes\class-wp-hook.php(324): handle_character_count_ajax('')
#1 C:\Users\miqueias\Local Sites\desapego-ruralino\app\public\wp-includes\class-wp-hook.php(348): WP_Hook->apply_filters('', Array)
#2 C:\Users\miqueias\Local Sites\desapego-ruralino\app\public\wp-includes\plugin.php(517): WP_Hook->do_action(Array)
#3 C:\Users\miqueias\Local Sites\desapego-ruralino\app\public\wp-admin\admin-ajax.php(192): do_action('wp_ajax_charact...')
#4 {main}
  thrown in C:\Users\miqueias\Local Sites\desapego-ruralino\app\public\wp-content\plugins\character-count-api\character-count-api.php on line 35
[18-Jul-2024 04:43:32 UTC] PHP Fatal error:  Uncaught Error: Undefined constant "characterCountApi" in C:\Users\miqueias\Local Sites\desapego-ruralino\app\public\wp-content\plugins\character-count-api\character-count-api.php:35
Stack trace:
#0 C:\Users\miqueias\Local Sites\desapego-ruralino\app\public\wp-includes\class-wp-hook.php(324): handle_character_count_ajax('')
#1 C:\Users\miqueias\Local Sites\desapego-ruralino\app\public\wp-includes\class-wp-hook.php(348): WP_Hook->apply_filters('', Array)
#2 C:\Users\miqueias\Local Sites\desapego-ruralino\app\public\wp-includes\plugin.php(517): WP_Hook->do_action(Array)
#3 C:\Users\miqueias\Local Sites\desapego-ruralino\app\public\wp-admin\admin-ajax.php(192): do_action('wp_ajax_charact...')
#4 {main}
  thrown in C:\Users\miqueias\Local Sites\desapego-ruralino\app\public\wp-content\plugins\character-count-api\character-count-api.php on line 35
[18-Jul-2024 04:43:43 UTC] PHP Fatal error:  Uncaught Error: Undefined constant "characterCountApi" in C:\Users\miqueias\Local Sites\desapego-ruralino\app\public\wp-content\plugins\character-count-api\character-count-api.php:35
Stack trace:
#0 C:\Users\miqueias\Local Sites\desapego-ruralino\app\public\wp-includes\class-wp-hook.php(324): handle_character_count_ajax('')
#1 C:\Users\miqueias\Local Sites\desapego-ruralino\app\public\wp-includes\class-wp-hook.php(348): WP_Hook->apply_filters('', Array)
#2 C:\Users\miqueias\Local Sites\desapego-ruralino\app\public\wp-includes\plugin.php(517): WP_Hook->do_action(Array)
#3 C:\Users\miqueias\Local Sites\desapego-ruralino\app\public\wp-admin\admin-ajax.php(192): do_action('wp_ajax_charact...')
#4 {main}
  thrown in C:\Users\miqueias\Local Sites\desapego-ruralino\app\public\wp-content\plugins\character-count-api\character-count-api.php on line 35
[18-Jul-2024 04:46:39 UTC] PHP Fatal error:  Uncaught Error: Undefined constant "characterCountApi" in C:\Users\miqueias\Local Sites\desapego-ruralino\app\public\wp-content\plugins\character-count-api\character-count-api.php:35
Stack trace:
#0 C:\Users\miqueias\Local Sites\desapego-ruralino\app\public\wp-includes\class-wp-hook.php(324): handle_character_count_ajax('')
#1 C:\Users\miqueias\Local Sites\desapego-ruralino\app\public\wp-includes\class-wp-hook.php(348): WP_Hook->apply_filters('', Array)
#2 C:\Users\miqueias\Local Sites\desapego-ruralino\app\public\wp-includes\plugin.php(517): WP_Hook->do_action(Array)
#3 C:\Users\miqueias\Local Sites\desapego-ruralino\app\public\wp-admin\admin-ajax.php(192): do_action('wp_ajax_charact...')
#4 {main}
  thrown in C:\Users\miqueias\Local Sites\desapego-ruralino\app\public\wp-content\plugins\character-count-api\character-count-api.php on line 35
[18-Jul-2024 14:56:54 UTC] PHP Parse error:  syntax error, unexpected single-quoted string "callback", expecting ")" in C:\Users\miqueias\Local Sites\desapego-ruralino\app\public\wp-content\themes\api\endpoints\countcharacter.php on line 18
[18-Jul-2024 14:56:54 UTC] PHP Parse error:  syntax error, unexpected single-quoted string "callback", expecting ")" in C:\Users\miqueias\Local Sites\desapego-ruralino\app\public\wp-content\themes\api\endpoints\countcharacter.php on line 18
[18-Jul-2024 14:57:03 UTC] PHP Parse error:  syntax error, unexpected single-quoted string "callback", expecting ")" in C:\Users\miqueias\Local Sites\desapego-ruralino\app\public\wp-content\themes\api\endpoints\countcharacter.php on line 18
[18-Jul-2024 14:57:03 UTC] PHP Parse error:  syntax error, unexpected single-quoted string "callback", expecting ")" in C:\Users\miqueias\Local Sites\desapego-ruralino\app\public\wp-content\themes\api\endpoints\countcharacter.php on line 18
[18-Jul-2024 14:57:12 UTC] PHP Parse error:  syntax error, unexpected single-quoted string "callback", expecting ")" in C:\Users\miqueias\Local Sites\desapego-ruralino\app\public\wp-content\themes\api\endpoints\countcharacter.php on line 18
[18-Jul-2024 14:57:13 UTC] PHP Parse error:  syntax error, unexpected single-quoted string "callback", expecting ")" in C:\Users\miqueias\Local Sites\desapego-ruralino\app\public\wp-content\themes\api\endpoints\countcharacter.php on line 18
[18-Jul-2024 14:57:20 UTC] PHP Parse error:  syntax error, unexpected single-quoted string "callback", expecting ")" in C:\Users\miqueias\Local Sites\desapego-ruralino\app\public\wp-content\themes\api\endpoints\countcharacter.php on line 18
[18-Jul-2024 14:57:20 UTC] PHP Parse error:  syntax error, unexpected single-quoted string "callback", expecting ")" in C:\Users\miqueias\Local Sites\desapego-ruralino\app\public\wp-content\themes\api\endpoints\countcharacter.php on line 18
[18-Jul-2024 14:57:54 UTC] PHP Parse error:  syntax error, unexpected single-quoted string "callback", expecting ")" in C:\Users\miqueias\Local Sites\desapego-ruralino\app\public\wp-content\themes\api\endpoints\countcharacter.php on line 18
[18-Jul-2024 14:57:55 UTC] PHP Parse error:  syntax error, unexpected single-quoted string "callback", expecting ")" in C:\Users\miqueias\Local Sites\desapego-ruralino\app\public\wp-content\themes\api\endpoints\countcharacter.php on line 18
[18-Jul-2024 14:57:55 UTC] PHP Parse error:  syntax error, unexpected single-quoted string "callback", expecting ")" in C:\Users\miqueias\Local Sites\desapego-ruralino\app\public\wp-content\themes\api\endpoints\countcharacter.php on line 18
[18-Jul-2024 14:58:55 UTC] PHP Parse error:  syntax error, unexpected single-quoted string "callback", expecting ")" in C:\Users\miqueias\Local Sites\desapego-ruralino\app\public\wp-content\themes\api\endpoints\countcharacter.php on line 18
[18-Jul-2024 15:00:19 UTC] PHP Fatal error:  Uncaught TypeError: call_user_func_array(): Argument #1 ($callback) must be a valid callback, function "registrar_api_contador" not found or invalid function name in C:\Users\miqueias\Local Sites\desapego-ruralino\app\public\wp-includes\class-wp-hook.php:324
Stack trace:
#0 C:\Users\miqueias\Local Sites\desapego-ruralino\app\public\wp-includes\class-wp-hook.php(348): WP_Hook->apply_filters(NULL, Array)
#1 C:\Users\miqueias\Local Sites\desapego-ruralino\app\public\wp-includes\plugin.php(517): WP_Hook->do_action(Array)
#2 C:\Users\miqueias\Local Sites\desapego-ruralino\app\public\wp-includes\rest-api.php(589): do_action('rest_api_init', Object(WP_REST_Server))
#3 C:\Users\miqueias\Local Sites\desapego-ruralino\app\public\wp-includes\rest-api.php(413): rest_get_server()
#4 C:\Users\miqueias\Local Sites\desapego-ruralino\app\public\wp-includes\class-wp-hook.php(324): rest_api_loaded(Object(WP))
#5 C:\Users\miqueias\Local Sites\desapego-ruralino\app\public\wp-includes\class-wp-hook.php(348): WP_Hook->apply_filters('', Array)
#6 C:\Users\miqueias\Local Sites\desapego-ruralino\app\public\wp-includes\plugin.php(565): WP_Hook->do_action(Array)
#7 C:\Users\miqueias\Local Sites\desapego-ruralino\app\public\wp-includes\class-wp.php(418): do_action_ref_array('parse_request', Array)
#8 C:\Users\miqueias\Local Sites\desapego-ruralino\app\public\wp-includes\class-wp.php(813): WP->parse_request('')
#9 C:\Users\miqueias\Local Sites\desapego-ruralino\app\public\wp-includes\functions.php(1336): WP->main('')
#10 C:\Users\miqueias\Local Sites\desapego-ruralino\app\public\wp-blog-header.php(16): wp()
#11 C:\Users\miqueias\Local Sites\desapego-ruralino\app\public\index.php(17): require('C:\\Users\\miquei...')
#12 {main}
  thrown in C:\Users\miqueias\Local Sites\desapego-ruralino\app\public\wp-includes\class-wp-hook.php on line 324
[18-Jul-2024 15:01:29 UTC] PHP Fatal error:  Uncaught TypeError: call_user_func_array(): Argument #1 ($callback) must be a valid callback, function "registrar_api_contador" not found or invalid function name in C:\Users\miqueias\Local Sites\desapego-ruralino\app\public\wp-includes\class-wp-hook.php:324
Stack trace:
#0 C:\Users\miqueias\Local Sites\desapego-ruralino\app\public\wp-includes\class-wp-hook.php(348): WP_Hook->apply_filters(NULL, Array)
#1 C:\Users\miqueias\Local Sites\desapego-ruralino\app\public\wp-includes\plugin.php(517): WP_Hook->do_action(Array)
#2 C:\Users\miqueias\Local Sites\desapego-ruralino\app\public\wp-includes\rest-api.php(589): do_action('rest_api_init', Object(WP_REST_Server))
#3 C:\Users\miqueias\Local Sites\desapego-ruralino\app\public\wp-includes\rest-api.php(413): rest_get_server()
#4 C:\Users\miqueias\Local Sites\desapego-ruralino\app\public\wp-includes\class-wp-hook.php(324): rest_api_loaded(Object(WP))
#5 C:\Users\miqueias\Local Sites\desapego-ruralino\app\public\wp-includes\class-wp-hook.php(348): WP_Hook->apply_filters('', Array)
#6 C:\Users\miqueias\Local Sites\desapego-ruralino\app\public\wp-includes\plugin.php(565): WP_Hook->do_action(Array)
#7 C:\Users\miqueias\Local Sites\desapego-ruralino\app\public\wp-includes\class-wp.php(418): do_action_ref_array('parse_request', Array)
#8 C:\Users\miqueias\Local Sites\desapego-ruralino\app\public\wp-includes\class-wp.php(813): WP->parse_request('')
#9 C:\Users\miqueias\Local Sites\desapego-ruralino\app\public\wp-includes\functions.php(1336): WP->main('')
#10 C:\Users\miqueias\Local Sites\desapego-ruralino\app\public\wp-blog-header.php(16): wp()
#11 C:\Users\miqueias\Local Sites\desapego-ruralino\app\public\index.php(17): require('C:\\Users\\miquei...')
#12 {main}
  thrown in C:\Users\miqueias\Local Sites\desapego-ruralino\app\public\wp-includes\class-wp-hook.php on line 324
[18-Jul-2024 15:05:03 UTC] PHP Fatal error:  Uncaught TypeError: call_user_func_array(): Argument #1 ($callback) must be a valid callback, function "registrar_api_contador" not found or invalid function name in C:\Users\miqueias\Local Sites\desapego-ruralino\app\public\wp-includes\class-wp-hook.php:324
Stack trace:
#0 C:\Users\miqueias\Local Sites\desapego-ruralino\app\public\wp-includes\class-wp-hook.php(348): WP_Hook->apply_filters(NULL, Array)
#1 C:\Users\miqueias\Local Sites\desapego-ruralino\app\public\wp-includes\plugin.php(517): WP_Hook->do_action(Array)
#2 C:\Users\miqueias\Local Sites\desapego-ruralino\app\public\wp-includes\rest-api.php(589): do_action('rest_api_init', Object(WP_REST_Server))
#3 C:\Users\miqueias\Local Sites\desapego-ruralino\app\public\wp-includes\rest-api.php(413): rest_get_server()
#4 C:\Users\miqueias\Local Sites\desapego-ruralino\app\public\wp-includes\class-wp-hook.php(324): rest_api_loaded(Object(WP))
#5 C:\Users\miqueias\Local Sites\desapego-ruralino\app\public\wp-includes\class-wp-hook.php(348): WP_Hook->apply_filters('', Array)
#6 C:\Users\miqueias\Local Sites\desapego-ruralino\app\public\wp-includes\plugin.php(565): WP_Hook->do_action(Array)
#7 C:\Users\miqueias\Local Sites\desapego-ruralino\app\public\wp-includes\class-wp.php(418): do_action_ref_array('parse_request', Array)
#8 C:\Users\miqueias\Local Sites\desapego-ruralino\app\public\wp-includes\class-wp.php(813): WP->parse_request('')
#9 C:\Users\miqueias\Local Sites\desapego-ruralino\app\public\wp-includes\functions.php(1336): WP->main('')
#10 C:\Users\miqueias\Local Sites\desapego-ruralino\app\public\wp-blog-header.php(16): wp()
#11 C:\Users\miqueias\Local Sites\desapego-ruralino\app\public\index.php(17): require('C:\\Users\\miquei...')
#12 {main}
  thrown in C:\Users\miqueias\Local Sites\desapego-ruralino\app\public\wp-includes\class-wp-hook.php on line 324
[18-Jul-2024 15:06:05 UTC] PHP Fatal error:  Uncaught TypeError: call_user_func_array(): Argument #1 ($callback) must be a valid callback, function "registrar_api_contador" not found or invalid function name in C:\Users\miqueias\Local Sites\desapego-ruralino\app\public\wp-includes\class-wp-hook.php:324
Stack trace:
#0 C:\Users\miqueias\Local Sites\desapego-ruralino\app\public\wp-includes\class-wp-hook.php(348): WP_Hook->apply_filters(NULL, Array)
#1 C:\Users\miqueias\Local Sites\desapego-ruralino\app\public\wp-includes\plugin.php(517): WP_Hook->do_action(Array)
#2 C:\Users\miqueias\Local Sites\desapego-ruralino\app\public\wp-includes\rest-api.php(589): do_action('rest_api_init', Object(WP_REST_Server))
#3 C:\Users\miqueias\Local Sites\desapego-ruralino\app\public\wp-includes\rest-api.php(413): rest_get_server()
#4 C:\Users\miqueias\Local Sites\desapego-ruralino\app\public\wp-includes\class-wp-hook.php(324): rest_api_loaded(Object(WP))
#5 C:\Users\miqueias\Local Sites\desapego-ruralino\app\public\wp-includes\class-wp-hook.php(348): WP_Hook->apply_filters('', Array)
#6 C:\Users\miqueias\Local Sites\desapego-ruralino\app\public\wp-includes\plugin.php(565): WP_Hook->do_action(Array)
#7 C:\Users\miqueias\Local Sites\desapego-ruralino\app\public\wp-includes\class-wp.php(418): do_action_ref_array('parse_request', Array)
#8 C:\Users\miqueias\Local Sites\desapego-ruralino\app\public\wp-includes\class-wp.php(813): WP->parse_request('')
#9 C:\Users\miqueias\Local Sites\desapego-ruralino\app\public\wp-includes\functions.php(1336): WP->main('')
#10 C:\Users\miqueias\Local Sites\desapego-ruralino\app\public\wp-blog-header.php(16): wp()
#11 C:\Users\miqueias\Local Sites\desapego-ruralino\app\public\index.php(17): require('C:\\Users\\miquei...')
#12 {main}
  thrown in C:\Users\miqueias\Local Sites\desapego-ruralino\app\public\wp-includes\class-wp-hook.php on line 324
[18-Jul-2024 15:26:15 UTC] PHP Fatal error:  Uncaught TypeError: call_user_func_array(): Argument #1 ($callback) must be a valid callback, function "registrar_api_contador" not found or invalid function name in C:\Users\miqueias\Local Sites\desapego-ruralino\app\public\wp-includes\class-wp-hook.php:324
Stack trace:
#0 C:\Users\miqueias\Local Sites\desapego-ruralino\app\public\wp-includes\class-wp-hook.php(348): WP_Hook->apply_filters(NULL, Array)
#1 C:\Users\miqueias\Local Sites\desapego-ruralino\app\public\wp-includes\plugin.php(517): WP_Hook->do_action(Array)
#2 C:\Users\miqueias\Local Sites\desapego-ruralino\app\public\wp-includes\rest-api.php(589): do_action('rest_api_init', Object(WP_REST_Server))
#3 C:\Users\miqueias\Local Sites\desapego-ruralino\app\public\wp-includes\rest-api.php(413): rest_get_server()
#4 C:\Users\miqueias\Local Sites\desapego-ruralino\app\public\wp-includes\class-wp-hook.php(324): rest_api_loaded(Object(WP))
#5 C:\Users\miqueias\Local Sites\desapego-ruralino\app\public\wp-includes\class-wp-hook.php(348): WP_Hook->apply_filters('', Array)
#6 C:\Users\miqueias\Local Sites\desapego-ruralino\app\public\wp-includes\plugin.php(565): WP_Hook->do_action(Array)
#7 C:\Users\miqueias\Local Sites\desapego-ruralino\app\public\wp-includes\class-wp.php(418): do_action_ref_array('parse_request', Array)
#8 C:\Users\miqueias\Local Sites\desapego-ruralino\app\public\wp-includes\class-wp.php(813): WP->parse_request('')
#9 C:\Users\miqueias\Local Sites\desapego-ruralino\app\public\wp-includes\functions.php(1336): WP->main('')
#10 C:\Users\miqueias\Local Sites\desapego-ruralino\app\public\wp-blog-header.php(16): wp()
#11 C:\Users\miqueias\Local Sites\desapego-ruralino\app\public\index.php(17): require('C:\\Users\\miquei...')
#12 {main}
  thrown in C:\Users\miqueias\Local Sites\desapego-ruralino\app\public\wp-includes\class-wp-hook.php on line 324
[18-Jul-2024 15:26:15 UTC] PHP Fatal error:  Uncaught TypeError: call_user_func_array(): Argument #1 ($callback) must be a valid callback, function "registrar_api_contador" not found or invalid function name in C:\Users\miqueias\Local Sites\desapego-ruralino\app\public\wp-includes\class-wp-hook.php:324
Stack trace:
#0 C:\Users\miqueias\Local Sites\desapego-ruralino\app\public\wp-includes\class-wp-hook.php(348): WP_Hook->apply_filters(NULL, Array)
#1 C:\Users\miqueias\Local Sites\desapego-ruralino\app\public\wp-includes\plugin.php(517): WP_Hook->do_action(Array)
#2 C:\Users\miqueias\Local Sites\desapego-ruralino\app\public\wp-includes\rest-api.php(589): do_action('rest_api_init', Object(WP_REST_Server))
#3 C:\Users\miqueias\Local Sites\desapego-ruralino\app\public\wp-includes\rest-api.php(413): rest_get_server()
#4 C:\Users\miqueias\Local Sites\desapego-ruralino\app\public\wp-includes\class-wp-hook.php(324): rest_api_loaded(Object(WP))
#5 C:\Users\miqueias\Local Sites\desapego-ruralino\app\public\wp-includes\class-wp-hook.php(348): WP_Hook->apply_filters('', Array)
#6 C:\Users\miqueias\Local Sites\desapego-ruralino\app\public\wp-includes\plugin.php(565): WP_Hook->do_action(Array)
#7 C:\Users\miqueias\Local Sites\desapego-ruralino\app\public\wp-includes\class-wp.php(418): do_action_ref_array('parse_request', Array)
#8 C:\Users\miqueias\Local Sites\desapego-ruralino\app\public\wp-includes\class-wp.php(813): WP->parse_request('')
#9 C:\Users\miqueias\Local Sites\desapego-ruralino\app\public\wp-includes\functions.php(1336): WP->main('')
#10 C:\Users\miqueias\Local Sites\desapego-ruralino\app\public\wp-blog-header.php(16): wp()
#11 C:\Users\miqueias\Local Sites\desapego-ruralino\app\public\index.php(17): require('C:\\Users\\miquei...')
#12 {main}
  thrown in C:\Users\miqueias\Local Sites\desapego-ruralino\app\public\wp-includes\class-wp-hook.php on line 324
[18-Jul-2024 15:27:15 UTC] PHP Fatal error:  Uncaught Error: Undefined constant "characterCountApi" in C:\Users\miqueias\Local Sites\desapego-ruralino\app\public\wp-content\plugins\character-count-api\character-count-api.php:35
Stack trace:
#0 C:\Users\miqueias\Local Sites\desapego-ruralino\app\public\wp-includes\class-wp-hook.php(324): handle_character_count_ajax('')
#1 C:\Users\miqueias\Local Sites\desapego-ruralino\app\public\wp-includes\class-wp-hook.php(348): WP_Hook->apply_filters('', Array)
#2 C:\Users\miqueias\Local Sites\desapego-ruralino\app\public\wp-includes\plugin.php(517): WP_Hook->do_action(Array)
#3 C:\Users\miqueias\Local Sites\desapego-ruralino\app\public\wp-admin\admin-ajax.php(192): do_action('wp_ajax_charact...')
#4 {main}
  thrown in C:\Users\miqueias\Local Sites\desapego-ruralino\app\public\wp-content\plugins\character-count-api\character-count-api.php on line 35
[18-Jul-2024 18:35:46 UTC] PHP Warning:  Undefined array key "editor_post_id" in C:\Users\miqueias\Local Sites\desapego-ruralino\app\public\wp-content\plugins\elementor\modules\history\revisions-manager.php on line 363
[18-Jul-2024 21:50:46 UTC] Erro de evento de reagendamento do cron para o gancho: litespeed_task_ccss, código de erro: could_not_set, mensagem de erro: Não foi possível salvar a lista de evento do cron, dados: {"schedule":"litespeed_filter","args":[],"interval":60}
[19-Jul-2024 00:44:11 UTC] PHP Warning:  Attempt to read property "menu" on array in C:\Users\miqueias\Local Sites\desapego-ruralino\app\public\wp-content\plugins\elementskit-lite\modules\megamenu\walker-nav-menu.php on line 136
[19-Jul-2024 00:44:11 UTC] PHP Fatal error:  Uncaught TypeError: in_array(): Argument #2 ($haystack) must be of type array, string given in C:\Users\miqueias\Local Sites\desapego-ruralino\app\public\wp-content\plugins\elementskit-lite\modules\megamenu\walker-nav-menu.php:217
Stack trace:
#0 C:\Users\miqueias\Local Sites\desapego-ruralino\app\public\wp-content\plugins\elementskit-lite\modules\megamenu\walker-nav-menu.php(217): in_array('current-menu-it...', '')
#1 C:\Users\miqueias\Local Sites\desapego-ruralino\app\public\wp-includes\class-wp-walker.php(147): ElementsKit_Lite\ElementsKit_Menu_Walker->start_el('<li id="menu-it...', Object(WP_Post), 0, Array, ' id="menu-item-...')
#2 C:\Users\miqueias\Local Sites\desapego-ruralino\app\public\wp-includes\class-wp-walker.php(247): Walker->display_element(Object(WP_Post), Array, 0, 0, Array, '<li id="menu-it...')
#3 C:\Users\miqueias\Local Sites\desapego-ruralino\app\public\wp-includes\post-template.php(1571): Walker->walk(Array, 0, Array, 0)
#4 C:\Users\miqueias\Local Sites\desapego-ruralino\app\public\wp-includes\post-template.php(1354): walk_page_tree(Array, 0, 0, Array)
#5 C:\Users\miqueias\Local Sites\desapego-ruralino\app\public\wp-includes\post-template.php(1486): wp_list_pages(Array)
#6 C:\Users\miqueias\Local Sites\desapego-ruralino\app\public\wp-includes\nav-menu-template.php(164): wp_page_menu(Array)
#7 C:\Users\miqueias\Local Sites\desapego-ruralino\app\public\wp-content\plugins\elementskit-lite\widgets\nav-menu\nav-menu.php(1669): wp_nav_menu(Object(stdClass))
#8 C:\Users\miqueias\Local Sites\desapego-ruralino\app\public\wp-content\plugins\elementskit-lite\widgets\nav-menu\nav-menu.php(1584): Elementor\ElementsKit_Widget_Nav_Menu->render_raw()
#9 C:\Users\miqueias\Local Sites\desapego-ruralino\app\public\wp-content\plugins\elementor\includes\base\controls-stack.php(2325): Elementor\ElementsKit_Widget_Nav_Menu->render()
#10 C:\Users\miqueias\Local Sites\desapego-ruralino\app\public\wp-content\plugins\elementor\includes\base\widget-base.php(635): Elementor\Controls_Stack->render_by_mode()
#11 C:\Users\miqueias\Local Sites\desapego-ruralino\app\public\wp-content\plugins\elementor\includes\base\widget-base.php(776): Elementor\Widget_Base->render_content()
#12 C:\Users\miqueias\Local Sites\desapego-ruralino\app\public\wp-content\plugins\elementor\includes\base\element-base.php(483): Elementor\Widget_Base->print_content()
#13 C:\Users\miqueias\Local Sites\desapego-ruralino\app\public\wp-content\plugins\elementor\modules\element-cache\module.php(73): Elementor\Element_Base->print_element()
#14 C:\Users\miqueias\Local Sites\desapego-ruralino\app\public\wp-includes\shortcodes.php(434): Elementor\Modules\ElementCache\Module->Elementor\Modules\ElementCache\{closure}(Array, '', 'elementor-eleme...')
#15 [internal function]: do_shortcode_tag(Array)
#16 C:\Users\miqueias\Local Sites\desapego-ruralino\app\public\wp-includes\shortcodes.php(273): preg_replace_callback('/\\[(\\[?)(elemen...', 'do_shortcode_ta...', '<div class="ele...')
#17 C:\Users\miqueias\Local Sites\desapego-ruralino\app\public\wp-content\plugins\elementor\core\base\document.php(1856): do_shortcode('<div class="ele...')
#18 C:\Users\miqueias\Local Sites\desapego-ruralino\app\public\wp-content\plugins\elementor\core\base\document.php(1201): Elementor\Core\Base\Document->print_elements(Array)
#19 C:\Users\miqueias\Local Sites\desapego-ruralino\app\public\wp-content\plugins\elementor\includes\frontend.php(1158): Elementor\Core\Base\Document->print_elements_with_wrapper(Array)
#20 C:\Users\miqueias\Local Sites\desapego-ruralino\app\public\wp-content\plugins\elementor\includes\frontend.php(1226): Elementor\Frontend->get_builder_content(66, true)
#21 C:\Users\miqueias\Local Sites\desapego-ruralino\app\public\wp-content\plugins\elementskit-lite\helpers\utils.php(303): Elementor\Frontend->get_builder_content_for_display(66, false)
#22 C:\Users\miqueias\Local Sites\desapego-ruralino\app\public\wp-content\plugins\elementskit-lite\modules\header-footer\theme-hooks\generatepress.php(51): ElementsKit_Lite\Utils::render_elementor_content(66)
#23 C:\Users\miqueias\Local Sites\desapego-ruralino\app\public\wp-includes\class-wp-hook.php(324): ElementsKit_Lite\Modules\Header_Footer\Theme_Hooks\Generatepress->add_plugin_header_markup('')
#24 C:\Users\miqueias\Local Sites\desapego-ruralino\app\public\wp-includes\class-wp-hook.php(348): WP_Hook->apply_filters('', Array)
#25 C:\Users\miqueias\Local Sites\desapego-ruralino\app\public\wp-includes\plugin.php(517): WP_Hook->do_action(Array)
#26 C:\Users\miqueias\Local Sites\desapego-ruralino\app\public\wp-content\themes\generatepress\header.php(46): do_action('generate_header')
#27 C:\Users\miqueias\Local Sites\desapego-ruralino\app\public\wp-includes\template.php(810): require_once('C:\\Users\\miquei...')
#28 C:\Users\miqueias\Local Sites\desapego-ruralino\app\public\wp-includes\template.php(745): load_template('C:\\Users\\miquei...', true, Array)
#29 C:\Users\miqueias\Local Sites\desapego-ruralino\app\public\wp-includes\general-template.php(48): locate_template(Array, true, true, Array)
#30 C:\Users\miqueias\Local Sites\desapego-ruralino\app\public\wp-content\themes\generatepress\index.php(18): get_header()
#31 C:\Users\miqueias\Local Sites\desapego-ruralino\app\public\wp-includes\template-loader.php(106): include('C:\\Users\\miquei...')
#32 C:\Users\miqueias\Local Sites\desapego-ruralino\app\public\wp-blog-header.php(19): require_once('C:\\Users\\miquei...')
#33 C:\Users\miqueias\Local Sites\desapego-ruralino\app\public\index.php(17): require('C:\\Users\\miquei...')
#34 {main}
  thrown in C:\Users\miqueias\Local Sites\desapego-ruralino\app\public\wp-content\plugins\elementskit-lite\modules\megamenu\walker-nav-menu.php on line 217
[19-Jul-2024 00:45:53 UTC] PHP Warning:  Attempt to read property "menu" on array in C:\Users\miqueias\Local Sites\desapego-ruralino\app\public\wp-content\plugins\elementskit-lite\modules\megamenu\walker-nav-menu.php on line 136
[19-Jul-2024 00:45:53 UTC] PHP Fatal error:  Uncaught TypeError: in_array(): Argument #2 ($haystack) must be of type array, string given in C:\Users\miqueias\Local Sites\desapego-ruralino\app\public\wp-content\plugins\elementskit-lite\modules\megamenu\walker-nav-menu.php:217
Stack trace:
#0 C:\Users\miqueias\Local Sites\desapego-ruralino\app\public\wp-content\plugins\elementskit-lite\modules\megamenu\walker-nav-menu.php(217): in_array('current-menu-it...', '')
#1 C:\Users\miqueias\Local Sites\desapego-ruralino\app\public\wp-includes\class-wp-walker.php(147): ElementsKit_Lite\ElementsKit_Menu_Walker->start_el('<li id="menu-it...', Object(WP_Post), 0, Array, ' id="menu-item-...')
#2 C:\Users\miqueias\Local Sites\desapego-ruralino\app\public\wp-includes\class-wp-walker.php(247): Walker->display_element(Object(WP_Post), Array, 0, 0, Array, '<li id="menu-it...')
#3 C:\Users\miqueias\Local Sites\desapego-ruralino\app\public\wp-includes\post-template.php(1571): Walker->walk(Array, 0, Array, 0)
#4 C:\Users\miqueias\Local Sites\desapego-ruralino\app\public\wp-includes\post-template.php(1354): walk_page_tree(Array, 0, 0, Array)
#5 C:\Users\miqueias\Local Sites\desapego-ruralino\app\public\wp-includes\post-template.php(1486): wp_list_pages(Array)
#6 C:\Users\miqueias\Local Sites\desapego-ruralino\app\public\wp-includes\nav-menu-template.php(164): wp_page_menu(Array)
#7 C:\Users\miqueias\Local Sites\desapego-ruralino\app\public\wp-content\plugins\elementskit-lite\widgets\nav-menu\nav-menu.php(1669): wp_nav_menu(Object(stdClass))
#8 C:\Users\miqueias\Local Sites\desapego-ruralino\app\public\wp-content\plugins\elementskit-lite\widgets\nav-menu\nav-menu.php(1584): Elementor\ElementsKit_Widget_Nav_Menu->render_raw()
#9 C:\Users\miqueias\Local Sites\desapego-ruralino\app\public\wp-content\plugins\elementor\includes\base\controls-stack.php(2325): Elementor\ElementsKit_Widget_Nav_Menu->render()
#10 C:\Users\miqueias\Local Sites\desapego-ruralino\app\public\wp-content\plugins\elementor\includes\base\widget-base.php(635): Elementor\Controls_Stack->render_by_mode()
#11 C:\Users\miqueias\Local Sites\desapego-ruralino\app\public\wp-content\plugins\elementor\includes\base\widget-base.php(776): Elementor\Widget_Base->render_content()
#12 C:\Users\miqueias\Local Sites\desapego-ruralino\app\public\wp-content\plugins\elementor\includes\base\element-base.php(483): Elementor\Widget_Base->print_content()
#13 C:\Users\miqueias\Local Sites\desapego-ruralino\app\public\wp-content\plugins\elementor\modules\element-cache\module.php(73): Elementor\Element_Base->print_element()
#14 C:\Users\miqueias\Local Sites\desapego-ruralino\app\public\wp-includes\shortcodes.php(434): Elementor\Modules\ElementCache\Module->Elementor\Modules\ElementCache\{closure}(Array, '', 'elementor-eleme...')
#15 [internal function]: do_shortcode_tag(Array)
#16 C:\Users\miqueias\Local Sites\desapego-ruralino\app\public\wp-includes\shortcodes.php(273): preg_replace_callback('/\\[(\\[?)(elemen...', 'do_shortcode_ta...', '<div class="ele...')
#17 C:\Users\miqueias\Local Sites\desapego-ruralino\app\public\wp-content\plugins\elementor\core\base\document.php(1856): do_shortcode('<div class="ele...')
#18 C:\Users\miqueias\Local Sites\desapego-ruralino\app\public\wp-content\plugins\elementor\core\base\document.php(1201): Elementor\Core\Base\Document->print_elements(Array)
#19 C:\Users\miqueias\Local Sites\desapego-ruralino\app\public\wp-content\plugins\elementor\includes\frontend.php(1158): Elementor\Core\Base\Document->print_elements_with_wrapper(Array)
#20 C:\Users\miqueias\Local Sites\desapego-ruralino\app\public\wp-content\plugins\elementor\includes\frontend.php(1226): Elementor\Frontend->get_builder_content(66, true)
#21 C:\Users\miqueias\Local Sites\desapego-ruralino\app\public\wp-content\plugins\elementskit-lite\helpers\utils.php(303): Elementor\Frontend->get_builder_content_for_display(66, false)
#22 C:\Users\miqueias\Local Sites\desapego-ruralino\app\public\wp-content\plugins\elementskit-lite\modules\header-footer\theme-hooks\generatepress.php(51): ElementsKit_Lite\Utils::render_elementor_content(66)
#23 C:\Users\miqueias\Local Sites\desapego-ruralino\app\public\wp-includes\class-wp-hook.php(324): ElementsKit_Lite\Modules\Header_Footer\Theme_Hooks\Generatepress->add_plugin_header_markup('')
#24 C:\Users\miqueias\Local Sites\desapego-ruralino\app\public\wp-includes\class-wp-hook.php(348): WP_Hook->apply_filters('', Array)
#25 C:\Users\miqueias\Local Sites\desapego-ruralino\app\public\wp-includes\plugin.php(517): WP_Hook->do_action(Array)
#26 C:\Users\miqueias\Local Sites\desapego-ruralino\app\public\wp-content\themes\generatepress\header.php(46): do_action('generate_header')
#27 C:\Users\miqueias\Local Sites\desapego-ruralino\app\public\wp-includes\template.php(810): require_once('C:\\Users\\miquei...')
#28 C:\Users\miqueias\Local Sites\desapego-ruralino\app\public\wp-includes\template.php(745): load_template('C:\\Users\\miquei...', true, Array)
#29 C:\Users\miqueias\Local Sites\desapego-ruralino\app\public\wp-includes\general-template.php(48): locate_template(Array, true, true, Array)
#30 C:\Users\miqueias\Local Sites\desapego-ruralino\app\public\wp-content\themes\generatepress\index.php(18): get_header()
#31 C:\Users\miqueias\Local Sites\desapego-ruralino\app\public\wp-includes\template-loader.php(106): include('C:\\Users\\miquei...')
#32 C:\Users\miqueias\Local Sites\desapego-ruralino\app\public\wp-blog-header.php(19): require_once('C:\\Users\\miquei...')
#33 C:\Users\miqueias\Local Sites\desapego-ruralino\app\public\index.php(17): require('C:\\Users\\miquei...')
#34 {main}
  thrown in C:\Users\miqueias\Local Sites\desapego-ruralino\app\public\wp-content\plugins\elementskit-lite\modules\megamenu\walker-nav-menu.php on line 217
[23-Jul-2024 15:56:19 UTC] Erro de desativação de evento de cron para o gancho: smush_check_for_conflicts, código de erro: could_not_set, mensagem de erro: Não foi possível salvar a lista de evento do cron, dados: {"schedule":false,"args":[]}
[23-Jul-2024 15:57:47 UTC] Erro de evento de reagendamento do cron para o gancho: action_scheduler_run_queue, código de erro: could_not_set, mensagem de erro: Não foi possível salvar a lista de evento do cron, dados: {"schedule":"every_minute","args":["WP Cron"],"interval":60}
[23-Jul-2024 15:57:47 UTC] Erro de desativação de evento de cron para o gancho: smush_check_for_conflicts, código de erro: could_not_set, mensagem de erro: Não foi possível salvar a lista de evento do cron, dados: {"schedule":false,"args":[]}
[23-Jul-2024 23:52:02 UTC] Erro de evento de reagendamento do cron para o gancho: elementor_1_elementor_updater_cron, código de erro: invalid_schedule, mensagem de erro: Agendamento do evento não existe., dados: {"schedule":"elementor_1_elementor_updater_cron_interval","args":[],"interval":300}
[23-Jul-2024 23:52:09 UTC] Erro de evento de reagendamento do cron para o gancho: elementor_1_elementor_updater_cron, código de erro: invalid_schedule, mensagem de erro: Agendamento do evento não existe., dados: {"schedule":"elementor_1_elementor_updater_cron_interval","args":[],"interval":300}
